Start auto log messages stack - Iteration 4.	[MsgId: MMSG-10545]
Notify: Transaction "Find the product" started.	[MsgId: MMSG-16999]
t=00228490ms: ** 4: Click on Город Выберите город... textbox ** started    [MsgId: MMSG-205180]	[MsgId: MMSG-205180]
t=00231240ms: ** 4: Click on Город Выберите город... textbox ** successfully completed with end event 'Step synchronous network completed'    [MsgId: MMSG-205180]	[MsgId: MMSG-205180]
t=00231240ms: ** 5: Type iPhone 6 in Город Выберите город... textbox ** started    [MsgId: MMSG-205180]	[MsgId: MMSG-205180]
t=00233269ms: ** 5: Type iPhone 6 in Город Выберите город... textbox ** successfully completed with end event 'Action completed'    [MsgId: MMSG-205180]	[MsgId: MMSG-205180]
t=00233795ms: ** 6: Click on Найти button ** started    [MsgId: MMSG-205180]	[MsgId: MMSG-205180]
Notify: Transaction "Find the product" ended with a "Stop" status (Duration: 9,1519).	[MsgId: MMSG-16873]
Ending Vuser...	[MsgId: MMSG-205066]
t=00237633ms: ** 6: Click on Найти button ** successfully completed with end event 'Document Loaded'    [MsgId: MMSG-205180]	[MsgId: MMSG-205180]
Error: Failed to end Transaction "Find the product" (by name). Please check that you made a call to start transaction operation.	[MsgId: MERR-16985]
End auto log messages stack.	[MsgId: MMSG-10544]


Start auto log messages stack - Iteration 3.	[MsgId: MMSG-10545]
t=00215474ms: ** 6: Click on Найти button ** started    [MsgId: MMSG-205180]	[MsgId: MMSG-205180]
t=00229667ms: ** 6: Click on Найти button ** successfully completed with end event 'Document Loaded'    [MsgId: MMSG-205180]	[MsgId: MMSG-205180]
Notify: Transaction "Find the product" ended with a "Pass" status (Duration: 19,4890 Wasted Time: 1,7310).	[MsgId: MMSG-16871]
t=00231270ms: ** 7: Wait 3 seconds ** started    [MsgId: MMSG-205180]	[MsgId: MMSG-205180]
t=00234481ms: ** 7: Wait 3 seconds ** successfully completed with end event 'Action completed'    [MsgId: MMSG-205180]	[MsgId: MMSG-205180]
Notify: Transaction "Add to th cart" started.	[MsgId: MMSG-16999]
t=00235127ms: ** 8: Click on Купить button ** started    [MsgId: MMSG-205180]	[MsgId: MMSG-205180]
t=00236437ms: ** 8: Click on Купить button ** successfully completed with end event 'Step synchronous network completed'    [MsgId: MMSG-205180]	[MsgId: MMSG-205180]
Notify: Transaction "Add to th cart" ended with a "Pass" status (Duration: 1,4690 Wasted Time: 0,2000).	[MsgId: MMSG-16871]
Ending Vuser...	[MsgId: MMSG-205066]
Vuser Terminated.	[MsgId: MMSG-205063]
Error: Message sent by service with id=250 failed. No service provider was set at the target point.	[MsgId: MERR-29741]
